
================================================================================
NEPAL E-PRESCRIPTION SYSTEM v3.7 - PROCESS LOG
Log File: complete_process_logs.log
Created: 2026-02-22 15:00:10
================================================================================



================================================================================
PASSWORD SAVE PROCESS FOR: admin
Started: 2026-02-22 15:00:10
================================================================================


[2026-02-22 15:00:10] PASSWORD_SAVE - admin
STEP 1: Generate random salt for password hashing
Algorithm: Random Number Generator
Input: Length: 16 bytes
Output: Salt (base64): ylw5SbhyjFfr+bQRVxDBgQ==
Parameters: {'salt_length': 16, 'encoding': 'base64'}
================================================================================


[2026-02-22 15:00:10] PASSWORD_SAVE - admin
STEP 2: Initialize PBKDF2-SHA256 Key Derivation Function
Algorithm: PBKDF2-SHA256
Input: Password: [HIDDEN], Salt: ylw5SbhyjFfr+bQRVxDB...
Output: KDF object created
Parameters: {'algorithm': 'SHA-256', 'iterations': 260000, 'key_length': 32, 'backend': 'default_backend'}
================================================================================


[2026-02-22 15:00:10] PASSWORD_SAVE - admin
STEP 3: Derive 256-bit key from password using PBKDF2 with 260000 iterations
Algorithm: PBKDF2-SHA256
Input: Input: password + salt
Output: Derived key (base64): VUEzfWMY0bgklERpGNeB0/fn6y83CJoKH8ss5MsuWTo=
Parameters: {'iterations_performed': 260000, 'hash_function': 'SHA-256', 'output_length': 32, 'computation_time': 'CPU-intensive'}
================================================================================


[2026-02-22 15:00:10] PASSWORD_SAVE - admin
STEP 4: Format final password hash for storage
Algorithm: String Formatting
Input: Salt: ylw5SbhyjFfr+bQRVxDBgQ==, Key: VUEzfWMY0bgklERpGNeB0/fn6y83CJ...
Output: Final format: pbkdf2:sha256:260000$[salt]$[key]
Parameters: {'format': 'pbkdf2:algorithm:iterations$salt$key', 'total_length': 90}
================================================================================


[2026-02-22 15:00:10] PASSWORD_SAVE - admin
STEP 5: Store hashed password in database
Algorithm: Database Write
Input: Hash: pbkdf2:sha256:260000$ylw5SbhyjFfr+bQRVxDBgQ==$VUEz...
Output: Stored in user.password_hash field
Parameters: {'table': 'user', 'field': 'password_hash', 'username': 'admin'}
================================================================================


SUMMARY:
Password for 'admin' successfully hashed and stored.
Total steps: 5
Final hash length: 90 characters
Storage location: database table 'user', field 'password_hash'
================================================================================



================================================================================
PASSWORD SAVE PROCESS FOR: doctor1
Started: 2026-02-22 15:00:10
================================================================================


[2026-02-22 15:00:10] PASSWORD_SAVE - doctor1
STEP 1: Generate random salt for password hashing
Algorithm: Random Number Generator
Input: Length: 16 bytes
Output: Salt (base64): NyoCV5Gs5yUh9gNBHzgafg==
Parameters: {'salt_length': 16, 'encoding': 'base64'}
================================================================================


[2026-02-22 15:00:10] PASSWORD_SAVE - doctor1
STEP 2: Initialize PBKDF2-SHA256 Key Derivation Function
Algorithm: PBKDF2-SHA256
Input: Password: [HIDDEN], Salt: NyoCV5Gs5yUh9gNBHzga...
Output: KDF object created
Parameters: {'algorithm': 'SHA-256', 'iterations': 260000, 'key_length': 32, 'backend': 'default_backend'}
================================================================================


[2026-02-22 15:00:11] PASSWORD_SAVE - doctor1
STEP 3: Derive 256-bit key from password using PBKDF2 with 260000 iterations
Algorithm: PBKDF2-SHA256
Input: Input: password + salt
Output: Derived key (base64): DWVcgSyndXjTJV7MLJf19W2Kr+Piqo4DOnneNYkHE54=
Parameters: {'iterations_performed': 260000, 'hash_function': 'SHA-256', 'output_length': 32, 'computation_time': 'CPU-intensive'}
================================================================================


[2026-02-22 15:00:11] PASSWORD_SAVE - doctor1
STEP 4: Format final password hash for storage
Algorithm: String Formatting
Input: Salt: NyoCV5Gs5yUh9gNBHzgafg==, Key: DWVcgSyndXjTJV7MLJf19W2Kr+Piqo...
Output: Final format: pbkdf2:sha256:260000$[salt]$[key]
Parameters: {'format': 'pbkdf2:algorithm:iterations$salt$key', 'total_length': 90}
================================================================================


[2026-02-22 15:00:11] PASSWORD_SAVE - doctor1
STEP 5: Store hashed password in database
Algorithm: Database Write
Input: Hash: pbkdf2:sha256:260000$NyoCV5Gs5yUh9gNBHzgafg==$DWVc...
Output: Stored in user.password_hash field
Parameters: {'table': 'user', 'field': 'password_hash', 'username': 'doctor1'}
================================================================================


SUMMARY:
Password for 'doctor1' successfully hashed and stored.
Total steps: 5
Final hash length: 90 characters
Storage location: database table 'user', field 'password_hash'
================================================================================



================================================================================
PASSWORD SAVE PROCESS FOR: doctor2
Started: 2026-02-22 15:00:11
================================================================================


[2026-02-22 15:00:11] PASSWORD_SAVE - doctor2
STEP 1: Generate random salt for password hashing
Algorithm: Random Number Generator
Input: Length: 16 bytes
Output: Salt (base64): kZyQnaeKKj2gGIOf8/nRww==
Parameters: {'salt_length': 16, 'encoding': 'base64'}
================================================================================


[2026-02-22 15:00:11] PASSWORD_SAVE - doctor2
STEP 2: Initialize PBKDF2-SHA256 Key Derivation Function
Algorithm: PBKDF2-SHA256
Input: Password: [HIDDEN], Salt: kZyQnaeKKj2gGIOf8/nR...
Output: KDF object created
Parameters: {'algorithm': 'SHA-256', 'iterations': 260000, 'key_length': 32, 'backend': 'default_backend'}
================================================================================


[2026-02-22 15:00:11] PASSWORD_SAVE - doctor2
STEP 3: Derive 256-bit key from password using PBKDF2 with 260000 iterations
Algorithm: PBKDF2-SHA256
Input: Input: password + salt
Output: Derived key (base64): qk3+PxIsw2S9tNpX6Wfy8fBAOqSkHOOdyrSkEc919jY=
Parameters: {'iterations_performed': 260000, 'hash_function': 'SHA-256', 'output_length': 32, 'computation_time': 'CPU-intensive'}
================================================================================


[2026-02-22 15:00:11] PASSWORD_SAVE - doctor2
STEP 4: Format final password hash for storage
Algorithm: String Formatting
Input: Salt: kZyQnaeKKj2gGIOf8/nRww==, Key: qk3+PxIsw2S9tNpX6Wfy8fBAOqSkHO...
Output: Final format: pbkdf2:sha256:260000$[salt]$[key]
Parameters: {'format': 'pbkdf2:algorithm:iterations$salt$key', 'total_length': 90}
================================================================================


[2026-02-22 15:00:11] PASSWORD_SAVE - doctor2
STEP 5: Store hashed password in database
Algorithm: Database Write
Input: Hash: pbkdf2:sha256:260000$kZyQnaeKKj2gGIOf8/nRww==$qk3+...
Output: Stored in user.password_hash field
Parameters: {'table': 'user', 'field': 'password_hash', 'username': 'doctor2'}
================================================================================


SUMMARY:
Password for 'doctor2' successfully hashed and stored.
Total steps: 5
Final hash length: 90 characters
Storage location: database table 'user', field 'password_hash'
================================================================================



================================================================================
PASSWORD SAVE PROCESS FOR: doctor3
Started: 2026-02-22 15:00:11
================================================================================


[2026-02-22 15:00:11] PASSWORD_SAVE - doctor3
STEP 1: Generate random salt for password hashing
Algorithm: Random Number Generator
Input: Length: 16 bytes
Output: Salt (base64): SMnvKrui5UF3h5Rrf3nRtg==
Parameters: {'salt_length': 16, 'encoding': 'base64'}
================================================================================


[2026-02-22 15:00:11] PASSWORD_SAVE - doctor3
STEP 2: Initialize PBKDF2-SHA256 Key Derivation Function
Algorithm: PBKDF2-SHA256
Input: Password: [HIDDEN], Salt: SMnvKrui5UF3h5Rrf3nR...
Output: KDF object created
Parameters: {'algorithm': 'SHA-256', 'iterations': 260000, 'key_length': 32, 'backend': 'default_backend'}
================================================================================


[2026-02-22 15:00:11] PASSWORD_SAVE - doctor3
STEP 3: Derive 256-bit key from password using PBKDF2 with 260000 iterations
Algorithm: PBKDF2-SHA256
Input: Input: password + salt
Output: Derived key (base64): pK13GtmTUmKyYWmsRdNC94IRB8fD6xlK0eI3ysFtyec=
Parameters: {'iterations_performed': 260000, 'hash_function': 'SHA-256', 'output_length': 32, 'computation_time': 'CPU-intensive'}
================================================================================


[2026-02-22 15:00:11] PASSWORD_SAVE - doctor3
STEP 4: Format final password hash for storage
Algorithm: String Formatting
Input: Salt: SMnvKrui5UF3h5Rrf3nRtg==, Key: pK13GtmTUmKyYWmsRdNC94IRB8fD6x...
Output: Final format: pbkdf2:sha256:260000$[salt]$[key]
Parameters: {'format': 'pbkdf2:algorithm:iterations$salt$key', 'total_length': 90}
================================================================================


[2026-02-22 15:00:11] PASSWORD_SAVE - doctor3
STEP 5: Store hashed password in database
Algorithm: Database Write
Input: Hash: pbkdf2:sha256:260000$SMnvKrui5UF3h5Rrf3nRtg==$pK13...
Output: Stored in user.password_hash field
Parameters: {'table': 'user', 'field': 'password_hash', 'username': 'doctor3'}
================================================================================


SUMMARY:
Password for 'doctor3' successfully hashed and stored.
Total steps: 5
Final hash length: 90 characters
Storage location: database table 'user', field 'password_hash'
================================================================================



================================================================================
PASSWORD SAVE PROCESS FOR: pharmacist1
Started: 2026-02-22 15:00:11
================================================================================


[2026-02-22 15:00:11] PASSWORD_SAVE - pharmacist1
STEP 1: Generate random salt for password hashing
Algorithm: Random Number Generator
Input: Length: 16 bytes
Output: Salt (base64): yaMcGm1OHnTsFqUF7BISfA==
Parameters: {'salt_length': 16, 'encoding': 'base64'}
================================================================================


[2026-02-22 15:00:11] PASSWORD_SAVE - pharmacist1
STEP 2: Initialize PBKDF2-SHA256 Key Derivation Function
Algorithm: PBKDF2-SHA256
Input: Password: [HIDDEN], Salt: yaMcGm1OHnTsFqUF7BIS...
Output: KDF object created
Parameters: {'algorithm': 'SHA-256', 'iterations': 260000, 'key_length': 32, 'backend': 'default_backend'}
================================================================================


[2026-02-22 15:00:12] PASSWORD_SAVE - pharmacist1
STEP 3: Derive 256-bit key from password using PBKDF2 with 260000 iterations
Algorithm: PBKDF2-SHA256
Input: Input: password + salt
Output: Derived key (base64): 65ZupI5NnYYYW0qZ96mDlw9C+dlAYDQpyq3dTNO8SmM=
Parameters: {'iterations_performed': 260000, 'hash_function': 'SHA-256', 'output_length': 32, 'computation_time': 'CPU-intensive'}
================================================================================


[2026-02-22 15:00:12] PASSWORD_SAVE - pharmacist1
STEP 4: Format final password hash for storage
Algorithm: String Formatting
Input: Salt: yaMcGm1OHnTsFqUF7BISfA==, Key: 65ZupI5NnYYYW0qZ96mDlw9C+dlAYD...
Output: Final format: pbkdf2:sha256:260000$[salt]$[key]
Parameters: {'format': 'pbkdf2:algorithm:iterations$salt$key', 'total_length': 90}
================================================================================


[2026-02-22 15:00:12] PASSWORD_SAVE - pharmacist1
STEP 5: Store hashed password in database
Algorithm: Database Write
Input: Hash: pbkdf2:sha256:260000$yaMcGm1OHnTsFqUF7BISfA==$65Zu...
Output: Stored in user.password_hash field
Parameters: {'table': 'user', 'field': 'password_hash', 'username': 'pharmacist1'}
================================================================================


SUMMARY:
Password for 'pharmacist1' successfully hashed and stored.
Total steps: 5
Final hash length: 90 characters
Storage location: database table 'user', field 'password_hash'
================================================================================



================================================================================
PASSWORD SAVE PROCESS FOR: pharmacist2
Started: 2026-02-22 15:00:12
================================================================================


[2026-02-22 15:00:12] PASSWORD_SAVE - pharmacist2
STEP 1: Generate random salt for password hashing
Algorithm: Random Number Generator
Input: Length: 16 bytes
Output: Salt (base64): myG6Ot1zKxN/GVwuKqSotw==
Parameters: {'salt_length': 16, 'encoding': 'base64'}
================================================================================


[2026-02-22 15:00:12] PASSWORD_SAVE - pharmacist2
STEP 2: Initialize PBKDF2-SHA256 Key Derivation Function
Algorithm: PBKDF2-SHA256
Input: Password: [HIDDEN], Salt: myG6Ot1zKxN/GVwuKqSo...
Output: KDF object created
Parameters: {'algorithm': 'SHA-256', 'iterations': 260000, 'key_length': 32, 'backend': 'default_backend'}
================================================================================


[2026-02-22 15:00:12] PASSWORD_SAVE - pharmacist2
STEP 3: Derive 256-bit key from password using PBKDF2 with 260000 iterations
Algorithm: PBKDF2-SHA256
Input: Input: password + salt
Output: Derived key (base64): Ous+0Nq4F3EjFDrWgNOzE90bHAJ7qtBd2/4rEdwt2J0=
Parameters: {'iterations_performed': 260000, 'hash_function': 'SHA-256', 'output_length': 32, 'computation_time': 'CPU-intensive'}
================================================================================


[2026-02-22 15:00:12] PASSWORD_SAVE - pharmacist2
STEP 4: Format final password hash for storage
Algorithm: String Formatting
Input: Salt: myG6Ot1zKxN/GVwuKqSotw==, Key: Ous+0Nq4F3EjFDrWgNOzE90bHAJ7qt...
Output: Final format: pbkdf2:sha256:260000$[salt]$[key]
Parameters: {'format': 'pbkdf2:algorithm:iterations$salt$key', 'total_length': 90}
================================================================================


[2026-02-22 15:00:12] PASSWORD_SAVE - pharmacist2
STEP 5: Store hashed password in database
Algorithm: Database Write
Input: Hash: pbkdf2:sha256:260000$myG6Ot1zKxN/GVwuKqSotw==$Ous+...
Output: Stored in user.password_hash field
Parameters: {'table': 'user', 'field': 'password_hash', 'username': 'pharmacist2'}
================================================================================


SUMMARY:
Password for 'pharmacist2' successfully hashed and stored.
Total steps: 5
Final hash length: 90 characters
Storage location: database table 'user', field 'password_hash'
================================================================================



================================================================================
PASSWORD SAVE PROCESS FOR: pharmacist3
Started: 2026-02-22 15:00:12
================================================================================


[2026-02-22 15:00:12] PASSWORD_SAVE - pharmacist3
STEP 1: Generate random salt for password hashing
Algorithm: Random Number Generator
Input: Length: 16 bytes
Output: Salt (base64): aHHDmchyGdAdiJu6pL4dJg==
Parameters: {'salt_length': 16, 'encoding': 'base64'}
================================================================================


[2026-02-22 15:00:12] PASSWORD_SAVE - pharmacist3
STEP 2: Initialize PBKDF2-SHA256 Key Derivation Function
Algorithm: PBKDF2-SHA256
Input: Password: [HIDDEN], Salt: aHHDmchyGdAdiJu6pL4d...
Output: KDF object created
Parameters: {'algorithm': 'SHA-256', 'iterations': 260000, 'key_length': 32, 'backend': 'default_backend'}
================================================================================


[2026-02-22 15:00:12] PASSWORD_SAVE - pharmacist3
STEP 3: Derive 256-bit key from password using PBKDF2 with 260000 iterations
Algorithm: PBKDF2-SHA256
Input: Input: password + salt
Output: Derived key (base64): vMgpg1efUDfrY+F05G7NphkK6Xsh5Iq8+0A4joPHCb0=
Parameters: {'iterations_performed': 260000, 'hash_function': 'SHA-256', 'output_length': 32, 'computation_time': 'CPU-intensive'}
================================================================================


[2026-02-22 15:00:12] PASSWORD_SAVE - pharmacist3
STEP 4: Format final password hash for storage
Algorithm: String Formatting
Input: Salt: aHHDmchyGdAdiJu6pL4dJg==, Key: vMgpg1efUDfrY+F05G7NphkK6Xsh5I...
Output: Final format: pbkdf2:sha256:260000$[salt]$[key]
Parameters: {'format': 'pbkdf2:algorithm:iterations$salt$key', 'total_length': 90}
================================================================================


[2026-02-22 15:00:12] PASSWORD_SAVE - pharmacist3
STEP 5: Store hashed password in database
Algorithm: Database Write
Input: Hash: pbkdf2:sha256:260000$aHHDmchyGdAdiJu6pL4dJg==$vMgp...
Output: Stored in user.password_hash field
Parameters: {'table': 'user', 'field': 'password_hash', 'username': 'pharmacist3'}
================================================================================


SUMMARY:
Password for 'pharmacist3' successfully hashed and stored.
Total steps: 5
Final hash length: 90 characters
Storage location: database table 'user', field 'password_hash'
================================================================================



================================================================================
PASSWORD SAVE PROCESS FOR: patient1
Started: 2026-02-22 15:00:12
================================================================================


[2026-02-22 15:00:12] PASSWORD_SAVE - patient1
STEP 1: Generate random salt for password hashing
Algorithm: Random Number Generator
Input: Length: 16 bytes
Output: Salt (base64): 49cXyj+4AYahE6HeCjxAiQ==
Parameters: {'salt_length': 16, 'encoding': 'base64'}
================================================================================


[2026-02-22 15:00:12] PASSWORD_SAVE - patient1
STEP 2: Initialize PBKDF2-SHA256 Key Derivation Function
Algorithm: PBKDF2-SHA256
Input: Password: [HIDDEN], Salt: 49cXyj+4AYahE6HeCjxA...
Output: KDF object created
Parameters: {'algorithm': 'SHA-256', 'iterations': 260000, 'key_length': 32, 'backend': 'default_backend'}
================================================================================


[2026-02-22 15:00:12] PASSWORD_SAVE - patient1
STEP 3: Derive 256-bit key from password using PBKDF2 with 260000 iterations
Algorithm: PBKDF2-SHA256
Input: Input: password + salt
Output: Derived key (base64): GYjr1OvE6BkJnT+i1MviKanry3++zOVnUzTVxlAzbek=
Parameters: {'iterations_performed': 260000, 'hash_function': 'SHA-256', 'output_length': 32, 'computation_time': 'CPU-intensive'}
================================================================================


[2026-02-22 15:00:12] PASSWORD_SAVE - patient1
STEP 4: Format final password hash for storage
Algorithm: String Formatting
Input: Salt: 49cXyj+4AYahE6HeCjxAiQ==, Key: GYjr1OvE6BkJnT+i1MviKanry3++zO...
Output: Final format: pbkdf2:sha256:260000$[salt]$[key]
Parameters: {'format': 'pbkdf2:algorithm:iterations$salt$key', 'total_length': 90}
================================================================================


[2026-02-22 15:00:12] PASSWORD_SAVE - patient1
STEP 5: Store hashed password in database
Algorithm: Database Write
Input: Hash: pbkdf2:sha256:260000$49cXyj+4AYahE6HeCjxAiQ==$GYjr...
Output: Stored in user.password_hash field
Parameters: {'table': 'user', 'field': 'password_hash', 'username': 'patient1'}
================================================================================


SUMMARY:
Password for 'patient1' successfully hashed and stored.
Total steps: 5
Final hash length: 90 characters
Storage location: database table 'user', field 'password_hash'
================================================================================



================================================================================
PASSWORD SAVE PROCESS FOR: patient2
Started: 2026-02-22 15:00:13
================================================================================


[2026-02-22 15:00:13] PASSWORD_SAVE - patient2
STEP 1: Generate random salt for password hashing
Algorithm: Random Number Generator
Input: Length: 16 bytes
Output: Salt (base64): WRMJ7+mcapBZHmO/4SAZ7A==
Parameters: {'salt_length': 16, 'encoding': 'base64'}
================================================================================


[2026-02-22 15:00:13] PASSWORD_SAVE - patient2
STEP 2: Initialize PBKDF2-SHA256 Key Derivation Function
Algorithm: PBKDF2-SHA256
Input: Password: [HIDDEN], Salt: WRMJ7+mcapBZHmO/4SAZ...
Output: KDF object created
Parameters: {'algorithm': 'SHA-256', 'iterations': 260000, 'key_length': 32, 'backend': 'default_backend'}
================================================================================


[2026-02-22 15:00:13] PASSWORD_SAVE - patient2
STEP 3: Derive 256-bit key from password using PBKDF2 with 260000 iterations
Algorithm: PBKDF2-SHA256
Input: Input: password + salt
Output: Derived key (base64): hzPO1rJ0HaPl5GzNf89gFoXyr1EJtMR0oa0CmP18K0k=
Parameters: {'iterations_performed': 260000, 'hash_function': 'SHA-256', 'output_length': 32, 'computation_time': 'CPU-intensive'}
================================================================================


[2026-02-22 15:00:13] PASSWORD_SAVE - patient2
STEP 4: Format final password hash for storage
Algorithm: String Formatting
Input: Salt: WRMJ7+mcapBZHmO/4SAZ7A==, Key: hzPO1rJ0HaPl5GzNf89gFoXyr1EJtM...
Output: Final format: pbkdf2:sha256:260000$[salt]$[key]
Parameters: {'format': 'pbkdf2:algorithm:iterations$salt$key', 'total_length': 90}
================================================================================


[2026-02-22 15:00:13] PASSWORD_SAVE - patient2
STEP 5: Store hashed password in database
Algorithm: Database Write
Input: Hash: pbkdf2:sha256:260000$WRMJ7+mcapBZHmO/4SAZ7A==$hzPO...
Output: Stored in user.password_hash field
Parameters: {'table': 'user', 'field': 'password_hash', 'username': 'patient2'}
================================================================================


SUMMARY:
Password for 'patient2' successfully hashed and stored.
Total steps: 5
Final hash length: 90 characters
Storage location: database table 'user', field 'password_hash'
================================================================================



================================================================================
PASSWORD SAVE PROCESS FOR: patient3
Started: 2026-02-22 15:00:13
================================================================================


[2026-02-22 15:00:13] PASSWORD_SAVE - patient3
STEP 1: Generate random salt for password hashing
Algorithm: Random Number Generator
Input: Length: 16 bytes
Output: Salt (base64): NZH2CfXSdikBLyiu92S5Pg==
Parameters: {'salt_length': 16, 'encoding': 'base64'}
================================================================================


[2026-02-22 15:00:13] PASSWORD_SAVE - patient3
STEP 2: Initialize PBKDF2-SHA256 Key Derivation Function
Algorithm: PBKDF2-SHA256
Input: Password: [HIDDEN], Salt: NZH2CfXSdikBLyiu92S5...
Output: KDF object created
Parameters: {'algorithm': 'SHA-256', 'iterations': 260000, 'key_length': 32, 'backend': 'default_backend'}
================================================================================


[2026-02-22 15:00:13] PASSWORD_SAVE - patient3
STEP 3: Derive 256-bit key from password using PBKDF2 with 260000 iterations
Algorithm: PBKDF2-SHA256
Input: Input: password + salt
Output: Derived key (base64): oxgzpO7he51PQW6+KxCb+29rrXE1zHmS/ZTgAKUd2oA=
Parameters: {'iterations_performed': 260000, 'hash_function': 'SHA-256', 'output_length': 32, 'computation_time': 'CPU-intensive'}
================================================================================


[2026-02-22 15:00:13] PASSWORD_SAVE - patient3
STEP 4: Format final password hash for storage
Algorithm: String Formatting
Input: Salt: NZH2CfXSdikBLyiu92S5Pg==, Key: oxgzpO7he51PQW6+KxCb+29rrXE1zH...
Output: Final format: pbkdf2:sha256:260000$[salt]$[key]
Parameters: {'format': 'pbkdf2:algorithm:iterations$salt$key', 'total_length': 90}
================================================================================


[2026-02-22 15:00:13] PASSWORD_SAVE - patient3
STEP 5: Store hashed password in database
Algorithm: Database Write
Input: Hash: pbkdf2:sha256:260000$NZH2CfXSdikBLyiu92S5Pg==$oxgz...
Output: Stored in user.password_hash field
Parameters: {'table': 'user', 'field': 'password_hash', 'username': 'patient3'}
================================================================================


SUMMARY:
Password for 'patient3' successfully hashed and stored.
Total steps: 5
Final hash length: 90 characters
Storage location: database table 'user', field 'password_hash'
================================================================================



================================================================================
PASSWORD SAVE PROCESS FOR: patient4
Started: 2026-02-22 15:00:13
================================================================================


[2026-02-22 15:00:13] PASSWORD_SAVE - patient4
STEP 1: Generate random salt for password hashing
Algorithm: Random Number Generator
Input: Length: 16 bytes
Output: Salt (base64): 6hRqTeKh+L/jf3OjrmYQNg==
Parameters: {'salt_length': 16, 'encoding': 'base64'}
================================================================================


[2026-02-22 15:00:13] PASSWORD_SAVE - patient4
STEP 2: Initialize PBKDF2-SHA256 Key Derivation Function
Algorithm: PBKDF2-SHA256
Input: Password: [HIDDEN], Salt: 6hRqTeKh+L/jf3OjrmYQ...
Output: KDF object created
Parameters: {'algorithm': 'SHA-256', 'iterations': 260000, 'key_length': 32, 'backend': 'default_backend'}
================================================================================


[2026-02-22 15:00:13] PASSWORD_SAVE - patient4
STEP 3: Derive 256-bit key from password using PBKDF2 with 260000 iterations
Algorithm: PBKDF2-SHA256
Input: Input: password + salt
Output: Derived key (base64): +IeHkGEgYsE05PzAuBURG50+Phu5ozQZ/vJ3wKS0WRE=
Parameters: {'iterations_performed': 260000, 'hash_function': 'SHA-256', 'output_length': 32, 'computation_time': 'CPU-intensive'}
================================================================================


[2026-02-22 15:00:13] PASSWORD_SAVE - patient4
STEP 4: Format final password hash for storage
Algorithm: String Formatting
Input: Salt: 6hRqTeKh+L/jf3OjrmYQNg==, Key: +IeHkGEgYsE05PzAuBURG50+Phu5oz...
Output: Final format: pbkdf2:sha256:260000$[salt]$[key]
Parameters: {'format': 'pbkdf2:algorithm:iterations$salt$key', 'total_length': 90}
================================================================================


[2026-02-22 15:00:13] PASSWORD_SAVE - patient4
STEP 5: Store hashed password in database
Algorithm: Database Write
Input: Hash: pbkdf2:sha256:260000$6hRqTeKh+L/jf3OjrmYQNg==$+IeH...
Output: Stored in user.password_hash field
Parameters: {'table': 'user', 'field': 'password_hash', 'username': 'patient4'}
================================================================================


SUMMARY:
Password for 'patient4' successfully hashed and stored.
Total steps: 5
Final hash length: 90 characters
Storage location: database table 'user', field 'password_hash'
================================================================================


